


materialPath: D:\Program Files (x86)\Steam\SteamApps\sourcemods\Crimewars2013\materials
Loading O:\cw_bloodmoney\cw_bloodmoney_v2.vmf
material "brick/brickwall004a" not found.
Material not found!: BRICK/BRICKWALL004A
ConVarRef mat_reduceparticles doesn't point to an existing ConVar
material "de_piranesi/woodfloor03" not found.
Material not found!: DE_PIRANESI/WOODFLOOR03
material "nature/blendprodasphaltgrass" not found.
Material not found!: NATURE/BLENDPRODASPHALTGRASS
material "ajacks/ben_paintdarkred" not found.
Material not found!: AJACKS/BEN_PAINTDARKRED
material "de_nuke/nukmetwallg" not found.
Material not found!: DE_NUKE/NUKMETWALLG
material "nature/blendmilground008_2" not found.
Material not found!: NATURE/BLENDMILGROUND008_2
material "cs_italy/black" not found.
Material not found!: CS_ITALY/BLACK
material "effects/black" not found.
Material not found!: EFFECTS/BLACK
material "nature/portcliff001" not found.
Material not found!: NATURE/PORTCLIFF001
material "effects/metaldoor017a" not found.
Material not found!: EFFECTS/METALDOOR017A
material "brick/brickwall022a" not found.
Material not found!: BRICK/BRICKWALL022A
material "de_nuke/nuke_metaltrims_01" not found.
Material not found!: DE_NUKE/NUKE_METALTRIMS_01
material "wood/infwoodfloor008a" not found.
Material not found!: WOOD/INFWOODFLOOR008A
material "de_piranesi/pi_grnmetalt" not found.
Material not found!: DE_PIRANESI/PI_GRNMETALT
material "metal/prodgratea" not found.
Material not found!: METAL/PRODGRATEA
material "wood/offdesktopsd" not found.
Material not found!: WOOD/OFFDESKTOPSD
material "metal/offgaragedr" not found.
Material not found!: METAL/OFFGARAGEDR
material "de_piranesi/marblefloor06" not found.
Material not found!: DE_PIRANESI/MARBLEFLOOR06
material "cs_italy/tileroof01" not found.
Material not found!: CS_ITALY/TILEROOF01
material "cs_italy/plasterwall02" not found.
Material not found!: CS_ITALY/PLASTERWALL02
material "de_prodigy/floor05" not found.
Material not found!: DE_PRODIGY/FLOOR05
material "tile/infflrb" not found.
Material not found!: TILE/INFFLRB
material "de_tides/tides_floor_wood" not found.
Material not found!: DE_TIDES/TIDES_FLOOR_WOOD
material "metal/portwall002" not found.
Material not found!: METAL/PORTWALL002
Could not locate 'GameData' key in d:\program files (x86)\steam\steamapps\sourcemods\crimewars2013\gameinfo.txt
Patching WVT material: maps/cw_bloodmoney_v2/nature/blendgrassgravel001a_wvt_patch
fixing up env_cubemap materials on brush sides...
0...1...2...3...4...5...6...7...8...9...100...1...2...3...4...5...6...7...8...9...10Processing areas...done (0)
Building Faces...done (0)
Chop Details...done (1)
Find Visible Detail Sides...
Merged 3334 detail faces...done (1)
Merging details...done (0)
FixTjuncs...
PruneNodes...
WriteBSP...
done (1)
writing O:\cw_bloodmoney\cw_bloodmoney_v2.prt...Building visibility clusters...
done (0)
*** Error: Skybox vtf files for skybox/sky_day01_01 weren't compiled with the same size texture and/or same flags!
Can't load skybox file skybox/sky_day01_01 to build the default cubemap!
*** Error: Skybox vtf files for skybox/sky_day01_01 weren't compiled with the same size texture and/or same flags!
Can't load skybox file skybox/sky_day01_01 to build the default cubemap!
Finding displacement neighbors...
Finding lightmap sample positions...
Displacement Alpha : 0...1...2...3...4...5...6...7...8...9...10
Building Physics collision data...
WARNING: Map using power 4 displacements, terrain physics cannot be compressed, map will need additional memory and CPU.
done (1) (1489360 bytes)
Error loading studio model "models/props/de_inferno/ceiling_light.mdl"!
Error loading studio model "models/props/cs_office/light_inset.mdl"!
Error loading studio model "models/props/cs_assault/streetlight.mdl"!
Placing detail props : 0...1...2...3...4...5...6...7...8...9Material NATURE/BLENDGRASSGRAVEL001A uses unknown detail object type coastline_redgrass02!
Material NATURE/BLENDGRASSGRAVEL001A uses unknown detail object type coastline_redgrass02!
...10
Compacting texture/material tables...
Reduced 8300 texinfos to 4851
Reduced 347 texdatas to 308 (8606 bytes to 7217)
Writing O:\cw_bloodmoney\cw_bloodmoney_v2.bsp
10 seconds elapsed



6 threads
reading o:\cw_bloodmoney\cw_bloodmoney_v2.bsp
reading o:\cw_bloodmoney\cw_bloodmoney_v2.prt
 936 portalclusters
3555 numportals
0...1...2...3...4...5...6...7...8...9...100...1...2...3...4...5...6...7


Could not find lights.rad in lights.rad.
Trying VRAD BIN directory instead...
Warning: Couldn't open texlight file I:\SteamLibrary\steamapps\common\Source SDK Base 2013 Multiplayer\bin\lights.rad.
Loading o:\cw_bloodmoney\cw_bloodmoney_v2.bsp
No vis information, direct lighting only.
14946 faces
18 degenerate faces
2537110 square feet [365343936.00 square inches]
9 Displacements
33681 Square Feet [4850125.50 Square Inches]
169 direct lights
0...1...2...
WARNING: Too many light styles on a face at (-1144.000000, 2962.078857, -102.060997)
3
WARNING: Too many light styles on a face at (-1006.000000, 2869.328613, -120.560997)
...4...5...6...7...8..
WARNING: Too many light styles on a face at (-1014.119995, 2875.701660, -107.559799)

WARNING: Too many light styles on a face at (-1005.090027, 2885.197021, -110.561005)

WARNING: Too many light styles on a face at (-1008.604980, 2957.516846, -110.060997)
.9...10Build Patch/Sample Hash Table(s).....Done<0.0456 sec>
0...1...2...3...4...5...6...7...8...9...10FinalLightFace Done
0 of 0 (0% of) surface lights went in leaf ambient cubes.
0...1...2...3...4...5...6...7...8...9...10Writing leaf ambient...done
Ready to Finish

Object names       Objects/Maxobjs  Memory / Maxmem  Fullness 
------------       ---------------  ---------------  -------- 
models                 194/1024         9312/49152    (18.9%) 
brushes               3631/8192        43572/98304    (44.3%) 
brushsides           26536/65536      212288/524288   (40.5%) 
planes               23378/65536      467560/1310720  (35.7%) 
vertexes             34640/65536      415680/786432   (52.9%) 
nodes                 3158/65536      101056/2097152  ( 4.8%) 
texinfos              4851/12288      349272/884736   (39.5%) 
texdata                308/2048         9856/65536    (15.0%) 
dispinfos                9/0            1584/0        ( 0.0%) 
disp_verts             545/0           10900/0        ( 0.0%) 
disp_tris              864/0            1728/0        ( 0.0%) 
disp_lmsamples       25869/0           25869/0        ( 0.0%) 
faces                14946/65536      836976/3670016  (22.8%) 
hdr faces                0/65536           0/3670016  ( 0.0%) 
origfaces            11505/65536      644280/3670016  (17.6%) 
leaves                3353/65536      107296/2097152  ( 5.1%) 
leaffaces            21356/65536       42712/131072   (32.6%) 
leafbrushes           7795/65536       15590/131072   (11.9%) 
areas                    3/256            24/2048     ( 1.2%) 
surfedges           125439/512000     501756/2048000  (24.5%) 
edges                81464/256000     325856/1024000  (31.8%) 
LDR worldlights        169/8192        14872/720896   ( 2.1%) 
HDR worldlights          0/8192            0/720896   ( 0.0%) 
leafwaterdata            0/32768           0/393216   ( 0.0%) 
waterstrips           2897/32768       28970/327680   ( 8.8%) 
waterverts               0/65536           0/786432   ( 0.0%) 
waterindices         60081/65536      120162/131072   (91.7%) VERY FULL!
cubemapsamples           0/1024            0/16384    ( 0.0%) 
overlays                 5/512          1760/180224   ( 1.0%) 
LDR lightdata         [variable]     8481572/0        ( 0.0%) 
HDR lightdata         [variable]           0/0        ( 0.0%) 
visdata               [variable]           0/16777216 ( 0.0%) 
entdata               [variable]      233596/393216   (59.4%) 
LDR ambient table     3353/65536       13412/262144   ( 5.1%) 
HDR ambient table     3353/65536       13412/262144   ( 5.1%) 
LDR leaf ambient     11256/65536      315168/1835008  (17.2%) 
HDR leaf ambient      3353/65536       93884/1835008  ( 5.1%) 
occluders                0/0               0/0        ( 0.0%) 
occluder polygons        0/0               0/0        ( 0.0%) 
occluder vert ind        0/0               0/0        ( 0.0%) 
detail props          [variable]           1/12       ( 8.3%) 
static props          [variable]           1/17098    ( 0.0%) 
pakfile               [variable]        5722/0        ( 0.0%) 
physics               [variable]     1489360/4194304  (35.5%) 
physics terrain       [variable]           0/1048576  ( 0.0%) 

Level flags = 0

Total triangle count: 49271
Writing o:\cw_bloodmoney\cw_bloodmoney_v2.bsp
1 minute, 20 seconds elapsed



Could not find lights.rad in lights.rad.
Trying VRAD BIN directory instead...
Warning: Couldn't open texlight file I:\SteamLibrary\steamapps\common\Source SDK Base 2013 Multiplayer\bin\lights.rad.
Loading o:\cw_bloodmoney\cw_bloodmoney_v2.bsp
No vis information, direct lighting only.
14946 faces
18 degenerate faces
2537110 square feet [365343936.00 square inches]
9 Displacements
33681 Square Feet [4850125.50 Square Inches]
169 direct lights
0...1...2...
WARNING: Too many light styles on a face at (-1144.000000, 2962.078857, -102.060997)
3
WARNING: Too many light styles on a face at (-1006.000000, 2869.328613, -120.560997)
...4...5...6...7...8..
WARNING: Too many light styles on a face at (-1014.119995, 2875.701660, -107.559799)

WARNING: Too many light styles on a face at (-1005.090027, 2885.197021, -110.561005)

WARNING: Too many light styles on a face at (-1008.604980, 2957.516846, -110.060997)
.9...10Build Patch/Sample Hash Table(s).....Done<0.0489 sec>
0...1...2...3...4...5...6...7...8...9...10FinalLightFace Done
0 of 0 (0% of) surface lights went in leaf ambient cubes.
0...1...2...3...4...5...6...7...8...9...10Writing leaf ambient...done
Ready to Finish

Object names       Objects/Maxobjs  Memory / Maxmem  Fullness 
------------       ---------------  ---------------  -------- 
models                 194/1024         9312/49152    (18.9%) 
brushes               3631/8192        43572/98304    (44.3%) 
brushsides           26536/65536      212288/524288   (40.5%) 
planes               23378/65536      467560/1310720  (35.7%) 
vertexes             34640/65536      415680/786432   (52.9%) 
nodes                 3158/65536      101056/2097152  ( 4.8%) 
texinfos              4851/12288      349272/884736   (39.5%) 
texdata                308/2048         9856/65536    (15.0%) 
dispinfos                9/0            1584/0        ( 0.0%) 
disp_verts             545/0           10900/0        ( 0.0%) 
disp_tris              864/0            1728/0        ( 0.0%) 
disp_lmsamples       25869/0           25869/0        ( 0.0%) 
faces                14946/65536      836976/3670016  (22.8%) 
hdr faces            14946/65536      836976/3670016  (22.8%) 
origfaces            11505/65536      644280/3670016  (17.6%) 
leaves                3353/65536      107296/2097152  ( 5.1%) 
leaffaces            21356/65536       42712/131072   (32.6%) 
leafbrushes           7795/65536       15590/131072   (11.9%) 
areas                    3/256            24/2048     ( 1.2%) 
surfedges           125439/512000     501756/2048000  (24.5%) 
edges                81464/256000     325856/1024000  (31.8%) 
LDR worldlights        169/8192        14872/720896   ( 2.1%) 
HDR worldlights        169/8192        14872/720896   ( 2.1%) 
leafwaterdata            0/32768           0/393216   ( 0.0%) 
waterstrips           2897/32768       28970/327680   ( 8.8%) 
waterverts               0/65536           0/786432   ( 0.0%) 
waterindices         60081/65536      120162/131072   (91.7%) VERY FULL!
cubemapsamples           0/1024            0/16384    ( 0.0%) 
overlays                 5/512          1760/180224   ( 1.0%) 
LDR lightdata         [variable]     8481572/0        ( 0.0%) 
HDR lightdata         [variable]     8481572/0        ( 0.0%) 
visdata               [variable]           0/16777216 ( 0.0%) 
entdata               [variable]      233596/393216   (59.4%) 
LDR ambient table     3353/65536       13412/262144   ( 5.1%) 
HDR ambient table     3353/65536       13412/262144   ( 5.1%) 
LDR leaf ambient     11256/65536      315168/1835008  (17.2%) 
HDR leaf ambient     11256/65536      315168/1835008  (17.2%) 
occluders                0/0               0/0        ( 0.0%) 
occluder polygons        0/0               0/0        ( 0.0%) 
occluder vert ind        0/0               0/0        ( 0.0%) 
detail props          [variable]           1/12       ( 8.3%) 
static props          [variable]           1/17098    ( 0.0%) 
pakfile               [variable]        5722/0        ( 0.0%) 
physics               [variable]     1489360/4194304  (35.5%) 
physics terrain       [variable]           0/1048576  ( 0.0%) 

Level flags = 0

Total triangle count: 49271
Writing o:\cw_bloodmoney\cw_bloodmoney_v2.bsp
1 minute, 18 seconds elapsed
